<?xml version="1.0" encoding="UTF-8"?>
<!-- Generated by org.testng.reporters.JUnitReportReporter -->
<testsuite hostname="Allen-PC" name="testCases.front.FrontLogin58" tests="1" failures="0" timestamp="24 Nov 2011 08:35:37 GMT" time="28.191" errors="0">
  <testcase name="indexLogin" time="28.191" classname="testCases.front.FrontLogin58"/>
</testsuite>
