<?xml version="1.0" encoding="UTF-8"?>
<!-- Generated by org.testng.reporters.JUnitReportReporter -->
<testsuite hostname="Allen-PC" name="SelTest.SelTest" tests="1" failures="0" timestamp="21 Nov 2011 09:32:22 GMT" time="6.633" errors="0">
  <testcase name="f" time="6.633" classname="SelTest.SelTest"/>
</testsuite>
